2022-12-05_00:19:45 makeRegular obs:output 
2022-12-05_00:19:47 readOutputFile outputFile:CRHM_model_output/balance_masa.txt Timezone:etc/GMT+4 
2022-12-05_00:21:53 makeRegular obs:output 
2022-12-05_00:21:54 readOutputFile outputFile:CRHM_model_output/balance_masa.txt Timezone:etc/GMT+4 
2022-12-05_00:23:41 setPrjPrameters input file:  modelo_crhm_glaciar_echaurren_v2.prj  output file: modelo_crhm_glaciar_echaurren_v2.prj  paramName:  rs  
2022-12-05_00:23:41 setPrjPrameters input file:  modelo_crhm_glaciar_echaurren_v2.prj  output file: modelo_crhm_glaciar_echaurren_v2.prj  paramName:  Ht  
2022-12-05_00:23:41 setPrjPrameters input file:  modelo_crhm_glaciar_echaurren_v2.prj  output file: modelo_crhm_glaciar_echaurren_v2.prj  paramName: groundcover 
2022-12-05_00:23:41 setPrjPrameters input file:  modelo_crhm_glaciar_echaurren_v2.prj  output file: modelo_crhm_glaciar_echaurren_v2.prj  paramName: texture 
2022-12-05_00:23:41 setPrjPrameters input file:  modelo_crhm_glaciar_echaurren_v2.prj  output file: modelo_crhm_glaciar_echaurren_v2.prj  paramName: cov_type 
2022-12-05_00:23:41 setPrjPrameters input file:  modelo_crhm_glaciar_echaurren_v2.prj  output file: modelo_crhm_glaciar_echaurren_v2.prj  paramName: soil_moist_init 
2022-12-05_00:23:41 setPrjPrameters input file:  modelo_crhm_glaciar_echaurren_v2.prj  output file: modelo_crhm_glaciar_echaurren_v2.prj  paramName: soil_rechr_init 
2022-12-05_00:23:41 setPrjPrameters input file:  modelo_crhm_glaciar_echaurren_v2.prj  output file: modelo_crhm_glaciar_echaurren_v2.prj  paramName: soil_moist_max 
2022-12-05_00:23:41 setPrjPrameters input file:  modelo_crhm_glaciar_echaurren_v2.prj  output file: modelo_crhm_glaciar_echaurren_v2.prj  paramName: soil_rechr_max 
2022-12-05_00:23:41 setPrjPrameters input file:  modelo_crhm_glaciar_echaurren_v2.prj  output file: modelo_crhm_glaciar_echaurren_v2.prj  paramName: gw_max 
2022-12-05_00:23:41 setPrjPrameters input file:  modelo_crhm_glaciar_echaurren_v2.prj  output file: modelo_crhm_glaciar_echaurren_v2.prj  paramName: gw_init 
2022-12-05_00:23:41 setPrjPrameters input file:  modelo_crhm_glaciar_echaurren_v2.prj  output file: modelo_crhm_glaciar_echaurren_v2.prj  paramName: gwKstorage 
2022-12-05_00:23:41 setPrjPrameters input file:  modelo_crhm_glaciar_echaurren_v2.prj  output file: modelo_crhm_glaciar_echaurren_v2.prj  paramName: runKstorage 
2022-12-05_00:23:41 setPrjPrameters input file:  modelo_crhm_glaciar_echaurren_v2.prj  output file: modelo_crhm_glaciar_echaurren_v2.prj  paramName: runLag 
2022-12-05_00:23:41 setPrjPrameters input file:  modelo_crhm_glaciar_echaurren_v2.prj  output file: modelo_crhm_glaciar_echaurren_v2.prj  paramName: ssrLag 
2022-12-05_00:23:41 setPrjPrameters input file:  modelo_crhm_glaciar_echaurren_v2.prj  output file: modelo_crhm_glaciar_echaurren_v2.prj  paramName: soil_rechr_ByPass 
2022-12-05_00:23:41 setPrjPrameters input file:  modelo_crhm_glaciar_echaurren_v2.prj  output file: modelo_crhm_glaciar_echaurren_v2.prj  paramName: Inhibit_K_set 
2022-12-05_00:23:41 setPrjPrameters input file:  modelo_crhm_glaciar_echaurren_v2.prj  output file: modelo_crhm_glaciar_echaurren_v2.prj  paramName:  CanopyClearing  
2022-12-05_00:23:41 setPrjPrameters input file:  modelo_crhm_glaciar_echaurren_v2.prj  output file: modelo_crhm_glaciar_echaurren_v2.prj  paramName: Sbar 
2022-12-05_00:23:41 setPrjPrameters input file:  modelo_crhm_glaciar_echaurren_v2.prj  output file: modelo_crhm_glaciar_echaurren_v2.prj  paramName: N_S  
2022-12-05_00:24:11 automatePrj input file: modelo_crhm_glaciar_echaurren_v2.prjoutput file: outputPrjFile 
2022-12-05_00:24:11 setObs input file:  modelo_crhm_glaciar_echaurren_v2.prj  output file: modelo_crhm_glaciar_echaurren_v2.prj 
